[22:20:21] [ServerMain/INFO]: Environment: Environment[sessionHost=https://sessionserver.mojang.com, servicesHost=https://api.minecraftservices.com, name=PROD]
[22:20:22] [ServerMain/INFO]: Found new data pack file/CTM Vanilla V4.61 (1.21).zip, loading it automatically
[22:20:24] [ServerMain/INFO]: Loaded 1290 recipes
[22:20:24] [ServerMain/INFO]: Loaded 1676 advancements
[22:20:24] [Server thread/INFO]: Starting minecraft server version 1.21
[22:20:24] [Server thread/INFO]: Loading properties
[22:20:24] [Server thread/INFO]: Default game type: SURVIVAL
[22:20:24] [Server thread/INFO]: Generating keypair
[22:20:25] [Server thread/INFO]: Starting Minecraft server on *:25565
[22:20:25] [Server thread/INFO]: Using epoll channel type
[22:20:25] [Server thread/WARN]: **** SERVER IS RUNNING IN OFFLINE/INSECURE MODE!
[22:20:25] [Server thread/WARN]: The server will make no attempt to authenticate usernames. Beware.
[22:20:25] [Server thread/WARN]: While this makes the game possible to play without internet access, it also opens up the ability for hackers to connect with any username they choose.
[22:20:25] [Server thread/WARN]: To change this, set "online-mode" to "true" in the server.properties file.
[22:20:25] [Server thread/INFO]: Preparing level "world"
[22:20:25] [Server thread/INFO]: Preparing start region for dimension minecraft:overworld
[22:20:25] [Worker-Main-1/INFO]: Preparing spawn area: 0%
[22:20:25] [Server thread/INFO]: Time elapsed: 487 ms
[22:20:25] [Server thread/INFO]: Done (0.778s)! For help, type "help"
[22:20:31] [Server thread/INFO]: Kichan654[/100.105.19.14:61318] logged in with entity id 10 at (-6.5, 65.0, -2.5)
[22:20:31] [Server thread/INFO]: Kichan654 joined the game
[22:20:37] [Server thread/INFO]: adriano244[/100.100.74.95:55697] logged in with entity id 35 at (2.5, 65.0, -9.5)
[22:20:37] [Server thread/INFO]: adriano244 joined the game
[22:20:51] [Server thread/INFO]: Elbuscapepas[/100.113.238.92:53652] logged in with entity id 191 at (-7.5, 65.0, -6.5)
[22:20:51] [Server thread/INFO]: Elbuscapepas joined the game
[22:20:54] [Server thread/INFO]: [Not Secure] <adriano244> double point
[22:20:56] [Server thread/INFO]: [Not Secure] <adriano244> bi
[22:21:06] [Server thread/INFO]: Radstoksinho[/100.70.142.50:54407] logged in with entity id 381 at (2.5, 65.0, 8.5)
[22:21:06] [Server thread/INFO]: Radstoksinho joined the game
[22:21:07] [Server thread/INFO]: [Kichan654: Triggered [changeConfig] (set value to 10)]
[22:21:10] [Server thread/INFO]: [adriano244: Triggered [voteToStartGame]]
[22:21:10] [Server thread/INFO]: [Kichan654: Triggered [changeConfig] (set value to 4)]
[22:21:13] [Server thread/INFO]: [Kichan654: Triggered [voteToStartGame]]
[22:21:15] [Server thread/INFO]: [Elbuscapepas: Triggered [voteToStartGame]]
[22:21:20] [Server thread/INFO]: [Radstoksinho: Triggered [voteToStartGame]]
[22:21:58] [Server thread/INFO]: [Radstoksinho: Triggered [objectives]]
[22:22:44] [Server thread/INFO]: Radstoksinho has made the advancement [Stone Age]
[22:22:50] [Server thread/INFO]: Radstoksinho has made the advancement [Getting an Upgrade]
[22:22:52] [Server thread/INFO]: Elbuscapepas has made the advancement [Stone Age]
[22:22:58] [Server thread/INFO]: Kichan654 has made the advancement [Stone Age]
[22:23:01] [Server thread/INFO]: Elbuscapepas has made the advancement [Getting an Upgrade]
[22:23:08] [Server thread/INFO]: adriano244 has made the advancement [Stone Age]
[22:23:15] [Server thread/INFO]: adriano244 has made the advancement [Getting an Upgrade]
[22:23:37] [Server thread/INFO]: Kichan654 has made the advancement [Getting an Upgrade]
[22:28:32] [Server thread/INFO]: [Not Secure] <Kichan654> "harina"
[22:28:34] [Server thread/INFO]: [Not Secure] <adriano244> _:V
[22:28:39] [Server thread/INFO]: Elbuscapepas has made the advancement [Acquire Hardware]
[22:28:47] [Server thread/INFO]: Elbuscapepas has made the advancement [Isn't It Iron Pick]
[22:30:18] [Server thread/INFO]: Kichan654 has made the advancement [Acquire Hardware]
[22:31:42] [Server thread/WARN]: Mismatch in destroy block pos: jd{x=-306, y=64, z=-99} jd{x=-305, y=62, z=-99}
[22:31:42] [Server thread/WARN]: Mismatch in destroy block pos: jd{x=-306, y=64, z=-99} jd{x=-305, y=62, z=-99}
[22:32:39] [Server thread/INFO]: Radstoksinho has made the advancement [Sweet Dreams]
[22:32:52] [Server thread/INFO]: Kichan654 has made the advancement [Isn't It Iron Pick]
[22:33:12] [Server thread/INFO]: adriano244 has made the advancement [Monster Hunter]
[22:33:50] [Server thread/INFO]: Radstoksinho has made the advancement [Acquire Hardware]
[22:34:15] [Server thread/INFO]: Elbuscapepas has made the advancement [Not Today, Thank You]
[22:34:24] [Server thread/INFO]: Elbuscapepas has made the advancement [Monster Hunter]
[22:35:10] [Server thread/INFO]: adriano244 has made the advancement [Acquire Hardware]
[22:35:18] [Server thread/INFO]: Radstoksinho has made the advancement [Monster Hunter]
[22:35:44] [Server thread/INFO]: adriano244 has made the advancement [Isn't It Iron Pick]
[22:37:22] [Server thread/INFO]: Elbuscapepas has made the advancement [Suit Up]
[22:37:51] [Server thread/INFO]: adriano244 has made the advancement [Suit Up]
[22:40:08] [Server thread/INFO]: Kichan654 has made the advancement [Monster Hunter]
[22:41:21] [Server thread/INFO]: adriano244 has made the advancement [Not Today, Thank You]
[22:42:05] [Server thread/INFO]: Radstoksinho has made the advancement [What a Deal!]
[22:43:17] [Server thread/INFO]: Radstoksinho was slain by Zombie
[22:43:27] [Server thread/INFO]: [Not Secure] <adriano244> PERO NO LE HICE CSAO
[22:44:16] [Server thread/INFO]: Radstoksinho has made the advancement [Isn't It Iron Pick]
[22:45:12] [Server thread/INFO]: adriano244 was blown up by Creeper
[22:47:22] [Server thread/INFO]: [Not Secure] <Kichan654> :v
[22:49:56] [Server thread/INFO]: Elbuscapepas has made the advancement [Diamonds!]
[22:50:44] [Server thread/INFO]: [Not Secure] <Kichan654> -1116 1670 monumento -1544 2891 colmena
[22:53:39] [Server thread/INFO]: Kichan654 has made the advancement [Suit Up]
[22:55:11] [Server thread/INFO]: Kichan654 has made the advancement [Ice Bucket Challenge]
[22:55:25] [Server thread/INFO]: Radstoksinho has made the advancement [Hot Stuff]
[22:56:57] [Server thread/INFO]: Villager cmk['Villager'/25232, l='ServerLevel[world]', x=13.03, y=71.00, z=-484.70] died, message: 'Villager was slain by Zombie'
[22:57:05] [Server thread/INFO]: Villager cmk['Villager'/25228, l='ServerLevel[world]', x=10.67, y=71.00, z=-486.98] died, message: 'Villager was slain by Zombie'
[22:58:20] [Server thread/INFO]: [Not Secure] <adriano244> -1200 -1000
[23:00:17] [Server thread/INFO]: Kichan654 has made the advancement [Not Today, Thank You]
[23:00:40] [Server thread/INFO]: Kichan654 was slain by Drowned
[23:03:40] [Server thread/INFO]: Radstoksinho has made the advancement [Suit Up]
[23:13:24] [Server thread/INFO]: [Not Secure] <adriano244> -900 700
[23:21:37] [Server thread/INFO]: Kichan654 was impaled by Drowned
[23:25:01] [Server thread/INFO]: [Not Secure] <adriano244> -1200 -1500
[23:25:04] [Server thread/INFO]: [Not Secure] <adriano244> JUNGLA
[23:32:19] [Server thread/INFO]: adriano244 has made the advancement [Hot Stuff]
[23:34:54] [Server thread/INFO]: Villager cmk['Villager'/67322, l='ServerLevel[world]', x=-6.30, y=75.00, z=-435.65] died, message: 'Villager was slain by Zombie'
[23:36:03] [Server thread/INFO]: Villager cmk['Villager'/67708, l='ServerLevel[world]', x=12.45, y=71.00, z=-487.40] died, message: 'Villager was slain by Zombie'
[23:36:12] [Server thread/INFO]: Villager cmk['Librarian'/67707, l='ServerLevel[world]', x=11.27, y=72.18, z=-485.51] died, message: 'Librarian was slain by Zombie'
[23:36:26] [Server thread/INFO]: Kichan654 has made the advancement [Hot Stuff]
[23:36:47] [Server thread/INFO]: Radstoksinho has made the advancement [Not Today, Thank You]
[23:37:26] [Server thread/INFO]: adriano244 has made the advancement [We Need to Go Deeper]
[23:37:28] [Server thread/WARN]: Can't keep up! Is the server overloaded? Running 3344ms or 66 ticks behind
[23:37:50] [Server thread/INFO]: Kichan654 has made the advancement [We Need to Go Deeper]
[23:37:53] [Server thread/INFO]: [Not Secure] <Kichan654> ??
[23:41:47] [Server thread/INFO]: [Not Secure] <adriano244> -165 -100
[23:42:29] [Server thread/INFO]: [Not Secure] <adriano244> ?
[23:43:28] [Server thread/INFO]: Elbuscapepas has made the advancement [Best Friends Forever]
[23:43:43] [Server thread/INFO]: [Not Secure] <adriano244> -165 -100
[23:45:28] [Server thread/INFO]: Kichan654 fell from a high place
[23:45:31] [Server thread/INFO]: [Not Secure] <Radstoksinho> xd
[23:45:31] [Server thread/INFO]: [Not Secure] <adriano244> _v
[23:45:32] [Server thread/INFO]: [Not Secure] <adriano244> :v
[23:45:33] [Server thread/INFO]: [Not Secure] <adriano244> :v
[23:45:33] [Server thread/INFO]: [Not Secure] <adriano244> :v
[23:45:34] [Server thread/INFO]: [Not Secure] <adriano244> :v
[23:45:35] [Server thread/INFO]: [Not Secure] <adriano244> :v
[23:45:35] [Server thread/INFO]: [Not Secure] <adriano244> :v
[23:45:36] [Server thread/INFO]: [Not Secure] <adriano244> :v
[23:45:37] [Server thread/INFO]: [Not Secure] <adriano244> :v
[23:45:37] [Server thread/INFO]: [Not Secure] <adriano244> :v
[23:45:38] [Server thread/INFO]: [Not Secure] <adriano244> :v
[23:45:50] [Server thread/INFO]: [Not Secure] <adriano244> en modo espectador no te pasaba eso
[23:45:56] [Server thread/INFO]: [Not Secure] <Radstoksinho> :v
[23:45:59] [Server thread/INFO]: [Not Secure] <adriano244> :v
[23:48:00] [Server thread/INFO]: [Not Secure] <Elbuscapepas> pasa p
[23:48:03] [Server thread/INFO]: [Not Secure] <Elbuscapepas> pcausa
[23:48:20] [Server thread/WARN]: Mismatch in destroy block pos: jd{x=-33, y=71, z=-442} jd{x=-33, y=70, z=-443}
[23:48:20] [Server thread/WARN]: Mismatch in destroy block pos: jd{x=-33, y=71, z=-442} jd{x=-33, y=70, z=-443}
[23:48:20] [Server thread/WARN]: Mismatch in destroy block pos: jd{x=-33, y=71, z=-442} jd{x=-33, y=70, z=-443}
